This is pdfTeX, Version 3.1415926-1.40.11 (MiKTeX 2.9) (preloaded format=pdflatex 2012.3.24)  26 MAR 2012 13:03
entering extended mode
**main.tex
("C:\Users\Tao Yi Liang\Documents\My Dropbox\Thesis\template\main.tex"
LaTeX2e <2009/09/24>
Babel <v3.8l> and hyphenation patterns for english, afrikaans, ancientgreek, ar
abic, armenian, assamese, basque, bengali, bokmal, bulgarian, catalan, coptic, 
croatian, czech, danish, dutch, esperanto, estonian, farsi, finnish, french, ga
lician, german, german-x-2009-06-19, greek, gujarati, hindi, hungarian, iceland
ic, indonesian, interlingua, irish, italian, kannada, kurmanji, lao, latin, lat
vian, lithuanian, malayalam, marathi, mongolian, mongolianlmc, monogreek, ngerm
an, ngerman-x-2009-06-19, nynorsk, oriya, panjabi, pinyin, polish, portuguese, 
romanian, russian, sanskrit, serbian, slovak, slovenian, spanish, swedish, swis
sgerman, tamil, telugu, turkish, turkmen, ukenglish, ukrainian, uppersorbian, u
senglishmax, welsh, loaded.
("C:\Program Files\MiKTeX 2.9\tex\latex\base\article.cls"
Document Class: article 2007/10/19 v1.4h Standard LaTeX document class
("C:\Program Files\MiKTeX 2.9\tex\latex\base\size12.clo"
File: size12.clo 2007/10/19 v1.4h Standard LaTeX file (size option)
)
\c@part=\count79
\c@section=\count80
\c@subsection=\count81
\c@subsubsection=\count82
\c@paragraph=\count83
\c@subparagraph=\count84
\c@figure=\count85
\c@table=\count86
\abovecaptionskip=\skip41
\belowcaptionskip=\skip42
\bibindent=\dimen102
)
("C:\Users\Tao Yi Liang\Documents\My Dropbox\Thesis\template\standard.sty"
("C:\Program Files\MiKTeX 2.9\tex\latex\ams\math\amsmath.sty"
Package: amsmath 2000/07/18 v2.13 AMS math features
\@mathmargin=\skip43

For additional information on amsmath, use the `?' option.
("C:\Program Files\MiKTeX 2.9\tex\latex\ams\math\amstext.sty"
Package: amstext 2000/06/29 v2.01

("C:\Program Files\MiKTeX 2.9\tex\latex\ams\math\amsgen.sty"
File: amsgen.sty 1999/11/30 v2.0
\@emptytoks=\toks14
\ex@=\dimen103
))
("C:\Program Files\MiKTeX 2.9\tex\latex\ams\math\amsbsy.sty"
Package: amsbsy 1999/11/29 v1.2d
\pmbraise@=\dimen104
)
("C:\Program Files\MiKTeX 2.9\tex\latex\ams\math\amsopn.sty"
Package: amsopn 1999/12/14 v2.01 operator names
)
\inf@bad=\count87
LaTeX Info: Redefining \frac on input line 211.
\uproot@=\count88
\leftroot@=\count89
LaTeX Info: Redefining \overline on input line 307.
\classnum@=\count90
\DOTSCASE@=\count91
LaTeX Info: Redefining \ldots on input line 379.
LaTeX Info: Redefining \dots on input line 382.
LaTeX Info: Redefining \cdots on input line 467.
\Mathstrutbox@=\box26
\strutbox@=\box27
\big@size=\dimen105
LaTeX Font Info:    Redeclaring font encoding OML on input line 567.
LaTeX Font Info:    Redeclaring font encoding OMS on input line 568.
\macc@depth=\count92
\c@MaxMatrixCols=\count93
\dotsspace@=\muskip10
\c@parentequation=\count94
\dspbrk@lvl=\count95
\tag@help=\toks15
\row@=\count96
\column@=\count97
\maxfields@=\count98
\andhelp@=\toks16
\eqnshift@=\dimen106
\alignsep@=\dimen107
\tagshift@=\dimen108
\tagwidth@=\dimen109
\totwidth@=\dimen110
\lineht@=\dimen111
\@envbody=\toks17
\multlinegap=\skip44
\multlinetaggap=\skip45
\mathdisplay@stack=\toks18
LaTeX Info: Redefining \[ on input line 2666.
LaTeX Info: Redefining \] on input line 2667.
)
("C:\Program Files\MiKTeX 2.9\tex\latex\graphics\graphicx.sty"
Package: graphicx 1999/02/16 v1.0f Enhanced LaTeX Graphics (DPC,SPQR)

("C:\Program Files\MiKTeX 2.9\tex\latex\graphics\keyval.sty"
Package: keyval 1999/03/16 v1.13 key=value parser (DPC)
\KV@toks@=\toks19
)
("C:\Program Files\MiKTeX 2.9\tex\latex\graphics\graphics.sty"
Package: graphics 2009/02/05 v1.0o Standard LaTeX Graphics (DPC,SPQR)

("C:\Program Files\MiKTeX 2.9\tex\latex\graphics\trig.sty"
Package: trig 1999/03/16 v1.09 sin cos tan (DPC)
)
("C:\Program Files\MiKTeX 2.9\tex\latex\00miktex\graphics.cfg"
File: graphics.cfg 2007/01/18 v1.5 graphics configuration of teTeX/TeXLive
)
Package graphics Info: Driver file: pdftex.def on input line 91.

("C:\Program Files\MiKTeX 2.9\tex\latex\pdftex-def\pdftex.def"
File: pdftex.def 2010/09/14 v0.05b Graphics/color for pdfTeX
\Gread@gobject=\count99
))
\Gin@req@height=\dimen112
\Gin@req@width=\dimen113
)
("C:\Program Files\MiKTeX 2.9\tex\latex\oberdiek\epstopdf.sty"
Package: epstopdf 2010/02/09 v2.5 Conversion with epstopdf on the fly (HO)

("C:\Program Files\MiKTeX 2.9\tex\latex\oberdiek\epstopdf-base.sty"
Package: epstopdf-base 2010/02/09 v2.5 Base part for package epstopdf

("C:\Program Files\MiKTeX 2.9\tex\generic\oberdiek\infwarerr.sty"
Package: infwarerr 2010/04/08 v1.3 Providing info/warning/message (HO)
)
("C:\Program Files\MiKTeX 2.9\tex\latex\oberdiek\grfext.sty"
Package: grfext 2007/09/30 v1.0 Managing graphics extensions (HO)
)
("C:\Program Files\MiKTeX 2.9\tex\latex\oberdiek\kvoptions.sty"
Package: kvoptions 2010/02/22 v3.7 Keyval support for LaTeX options (HO)

("C:\Program Files\MiKTeX 2.9\tex\generic\oberdiek\kvsetkeys.sty"
Package: kvsetkeys 2010/03/01 v1.9 Key value parser (HO)

("C:\Program Files\MiKTeX 2.9\tex\generic\oberdiek\etexcmds.sty"
Package: etexcmds 2010/01/28 v1.3 Prefix for e-TeX command names (HO)
Package etexcmds Info: Could not find \expanded.
(etexcmds)             That can mean that you are not using pdfTeX 1.50 or
(etexcmds)             that some package has redefined \expanded.
(etexcmds)             In the latter case, load this package earlier.
)))
("C:\Program Files\MiKTeX 2.9\tex\generic\oberdiek\pdftexcmds.sty"
Package: pdftexcmds 2010/04/01 v0.9 Utility functions of pdfTeX for LuaTeX (HO)


("C:\Program Files\MiKTeX 2.9\tex\generic\oberdiek\ifluatex.sty"
Package: ifluatex 2010/03/01 v1.3 Provides the ifluatex switch (HO)
Package ifluatex Info: LuaTeX not detected.
)
("C:\Program Files\MiKTeX 2.9\tex\generic\oberdiek\ltxcmds.sty"
Package: ltxcmds 2010/04/26 v1.7 LaTeX kernel commands for general use (HO)
)
Package pdftexcmds Info: LuaTeX not detected.
Package pdftexcmds Info: \pdf@primitive is available.
Package pdftexcmds Info: \pdf@ifprimitive is available.
)
Package grfext Info: Graphics extension search list:
(grfext)             [.png,.pdf,.jpg,.mps,.jpeg,.jbig2,.jb2,.PNG,.PDF,.JPG,.JPE
G,.JBIG2,.JB2,.eps]
(grfext)             \AppendGraphicsExtensions on input line 436.
)))
("C:\Users\Tao Yi Liang\Documents\My Dropbox\Thesis\template\personal.sty")
("C:\Program Files\MiKTeX 2.9\tex\latex\paralist\paralist.sty"
Package: paralist 2002/03/18 v2.3b Extended list environments (BS)
\pltopsep=\skip46
\plpartopsep=\skip47
\plitemsep=\skip48
\plparsep=\skip49
\pl@lab=\toks20
)
("C:\Users\Tao Yi Liang\Documents\My Dropbox\Thesis\template\main.aux"
("C:\Users\Tao Yi Liang\Documents\My Dropbox\Thesis\template\Sections\abstract.
aux")
("C:\Users\Tao Yi Liang\Documents\My Dropbox\Thesis\template\Sections\copyright
.aux")
("C:\Users\Tao Yi Liang\Documents\My Dropbox\Thesis\template\Sections\title.aux
")
("C:\Users\Tao Yi Liang\Documents\My Dropbox\Thesis\template\Sections\approval.
aux")
("C:\Users\Tao Yi Liang\Documents\My Dropbox\Thesis\template\Sections\acknow.au
x")
("C:\Users\Tao Yi Liang\Documents\My Dropbox\Thesis\template\Sections\Intro.aux
"

LaTeX Warning: Label `sec:Intro-DIMC' multiply defined.

)
("C:\Users\Tao Yi Liang\Documents\My Dropbox\Thesis\template\Sections\Transport
.aux"

LaTeX Warning: Label `albedoBoundar' multiply defined.


LaTeX Warning: Label `incidentBoundaryCondition' multiply defined.

)
("C:\Users\Tao Yi Liang\Documents\My Dropbox\Thesis\template\Sections\MonteCarl
o.aux"

LaTeX Warning: Label `censusTally' multiply defined.


LaTeX Warning: Label `ProbabilitiesDiffusion' multiply defined.


LaTeX Warning: Label `absorptionProb' multiply defined.


LaTeX Warning: Label `EqState' multiply defined.

)
("C:\Users\Tao Yi Liang\Documents\My Dropbox\Thesis\template\Sections\Differenc
eFormulation.aux")
("C:\Users\Tao Yi Liang\Documents\My Dropbox\Thesis\template\Sections\Results.a
ux"

LaTeX Warning: Label `sec:Grey_w/out_df' multiply defined.


LaTeX Warning: Label `sec:Grey_w/df' multiply defined.

)
("C:\Users\Tao Yi Liang\Documents\My Dropbox\Thesis\template\Sections\Conclusio
ns.aux")
("C:\Users\Tao Yi Liang\Documents\My Dropbox\Thesis\template\Sections\Refs.aux"
))
LaTeX Font Info:    Checking defaults for OML/cmm/m/it on input line 38.
LaTeX Font Info:    ... okay on input line 38.
LaTeX Font Info:    Checking defaults for T1/cmr/m/n on input line 38.
LaTeX Font Info:    ... okay on input line 38.
LaTeX Font Info:    Checking defaults for OT1/cmr/m/n on input line 38.
LaTeX Font Info:    ... okay on input line 38.
LaTeX Font Info:    Checking defaults for OMS/cmsy/m/n on input line 38.
LaTeX Font Info:    ... okay on input line 38.
LaTeX Font Info:    Checking defaults for OMX/cmex/m/n on input line 38.
LaTeX Font Info:    ... okay on input line 38.
LaTeX Font Info:    Checking defaults for U/cmr/m/n on input line 38.
LaTeX Font Info:    ... okay on input line 38.
 ("C:\Program Files\MiKTeX 2.9\tex\context\base\supp-pdf.mkii"
[Loading MPS to PDF converter (version 2006.09.02).]
\scratchcounter=\count100
\scratchdimen=\dimen114
\scratchbox=\box28
\nofMPsegments=\count101
\nofMParguments=\count102
\everyMPshowfont=\toks21
\MPscratchCnt=\count103
\MPscratchDim=\dimen115
\MPnumerator=\count104
\everyMPtoPDFconversion=\toks22
)
("C:\Users\Tao Yi Liang\Documents\My Dropbox\Thesis\template\Sections\abstract.
tex" [1


{C:/ProgramData/MiKTeX/2.9/pdftex/config/pdftex.map}]) [2]
("C:\Users\Tao Yi Liang\Documents\My Dropbox\Thesis\template\Sections\copyright
.tex"
LaTeX Font Info:    Try loading font information for OMS+cmr on input line 13.
 ("C:\Program Files\MiKTeX 2.9\tex\latex\base\omscmr.fd"
File: omscmr.fd 1999/05/25 v2.5h Standard LaTeX font definitions
)
LaTeX Font Info:    Font shape `OMS/cmr/m/n' in size <12> not available
(Font)              Font shape `OMS/cmsy/m/n' tried instead on input line 13.
) [3


]
("C:\Users\Tao Yi Liang\Documents\My Dropbox\Thesis\template\Sections\title.tex
") [4


]
("C:\Users\Tao Yi Liang\Documents\My Dropbox\Thesis\template\Sections\approval.
tex") [5


]
("C:\Users\Tao Yi Liang\Documents\My Dropbox\Thesis\template\Sections\acknow.te
x" [6


]) [7]
\hsave=\dimen116
\tsave=\dimen117
\bsave=\dimen118

("C:\Users\Tao Yi Liang\Documents\My Dropbox\Thesis\template\main.toc" [8


])
\tf@toc=\write3

[9] ("C:\Users\Tao Yi Liang\Documents\My Dropbox\Thesis\template\main.lof"
Overfull \hbox (3.81345pt too wide) in paragraph at lines 11--11
 [][] []\OT1/cmr/m/n/12 Frequency de-pen-dent IMD so-lu-tion for var-i-ous time
 step sizes. (Prob- 
 []

[10

])
\tf@lof=\write4
 [11] ("C:\Users\Tao Yi Liang\Documents\My Dropbox\Thesis\template\main.lot")
\tf@lot=\write5
 [12

] [13


]
("C:\Users\Tao Yi Liang\Documents\My Dropbox\Thesis\template\Sections\Intro.tex
" [1


] [2]

Package amsmath Warning: Foreign command \over;
(amsmath)                \frac or \genfrac should be used instead
(amsmath)                 on input line 38.

[3] [4] [5] [6] [7] [8] [9] [10] [11] [12] [13]) [14]
("C:\Users\Tao Yi Liang\Documents\My Dropbox\Thesis\template\Sections\Transport
.tex" [15


] [16] [17] [18]
Overfull \hbox (14.50671pt too wide) in paragraph at lines 195--197
\OT1/cmr/m/n/12 The ef-fec-tive ab-sorp-tion opac-ity and scat-ter-ing opac-ity
 are rep-re-sented by $[]$
 []

[19] [20] [21] <./Figures/SimpleGrid.png, id=121, 531.9875pt x 250.9375pt>
File: ./Figures/SimpleGrid.png Graphic file (type png)

<use ./Figures/SimpleGrid.png>
Overfull \hbox (13.55057pt too wide) in paragraph at lines 285--286
 [] 
 []

[22] [23 <C:/Users/Tao Yi Liang/Documents/My Dropbox/Thesis/template/Figures/Si
mpleGrid.png (PNG copy)>] [24] [25] [26]) [27]
("C:\Users\Tao Yi Liang\Documents\My Dropbox\Thesis\template\Sections\MonteCarl
o.tex" [28


] [29] [30]
Overfull \hbox (8.8906pt too wide) detected at line 127
[] [] \OT1/cmr/m/n/12 = [] \OML/cmm/m/it/12 ;
 []

[31] [32] [33] [34] [35] [36] [37] [38]) [39]
("C:\Users\Tao Yi Liang\Documents\My Dropbox\Thesis\template\Sections\Differenc
eFormulation.tex" [40


] [41] [42] [43] [44] [45] [46]) [47]
("C:\Users\Tao Yi Liang\Documents\My Dropbox\Thesis\template\Sections\Results.t
ex" [48


] <./Figures/Grey_MW_No_DF_L=50.png, id=211, 642.4pt x 467.7475pt>
File: ./Figures/Grey_MW_No_DF_L=50.png Graphic file (type png)

<use ./Figures/Grey_MW_No_DF_L=50.png>
Overfull \hbox (13.55063pt too wide) in paragraph at lines 82--89
 [] 
 []

[49] [50 <C:/Users/Tao Yi Liang/Documents/My Dropbox/Thesis/template/Figures/Gr
ey_MW_No_DF_L=50.png>]
<./Figures/Grey_MG_MW_No_DF_L=50.png, id=220, 642.4pt x 464.73625pt>
File: ./Figures/Grey_MG_MW_No_DF_L=50.png Graphic file (type png)

<use ./Figures/Grey_MG_MW_No_DF_L=50.png>
Overfull \hbox (13.55063pt too wide) in paragraph at lines 99--106
 [] 
 []

[51 <C:/Users/Tao Yi Liang/Documents/My Dropbox/Thesis/template/Figures/Grey_MG
_MW_No_DF_L=50.png>]
<./Figures/G-Refine-Space.png, id=225, 685.8122pt x 469.00218pt>
File: ./Figures/G-Refine-Space.png Graphic file (type png)

<use ./Figures/G-Refine-Space.png>
Overfull \hbox (13.55063pt too wide) in paragraph at lines 149--156
 [] 
 []

[52] [53 <C:/Users/Tao Yi Liang/Documents/My Dropbox/Thesis/template/Figures/G-
Refine-Space.png (PNG copy)>]
<./Figures/G-Refine-time.png, id=232, 685.8122pt x 469.00218pt>
File: ./Figures/G-Refine-time.png Graphic file (type png)

<use ./Figures/G-Refine-time.png>
Overfull \hbox (13.55063pt too wide) in paragraph at lines 182--189
 [] 
 []

<./Figures/G-Refine-time2.png, id=233, 685.8122pt x 469.00218pt>
File: ./Figures/G-Refine-time2.png Graphic file (type png)

<use ./Figures/G-Refine-time2.png>
Overfull \hbox (13.55063pt too wide) in paragraph at lines 195--202
 [] 
 []

<./Figures/Grey_MW_DF_L=50.png, id=234, 642.4pt x 467.7475pt>
File: ./Figures/Grey_MW_DF_L=50.png Graphic file (type png)

<use ./Figures/Grey_MW_DF_L=50.png>
Overfull \hbox (13.55063pt too wide) in paragraph at lines 218--225
 [] 
 []

[54] [55 <C:/Users/Tao Yi Liang/Documents/My Dropbox/Thesis/template/Figures/G-
Refine-time.png (PNG copy)>] [56 <C:/Users/Tao Yi Liang/Documents/My Dropbox/Th
esis/template/Figures/G-Refine-time2.png (PNG copy)>] [57 <C:/Users/Tao Yi Lian
g/Documents/My Dropbox/Thesis/template/Figures/Grey_MW_DF_L=50.png>]
<./Figures/NG-SO.png, id=249, 642.4pt x 464.73625pt>
File: ./Figures/NG-SO.png Graphic file (type png)
 <use ./Figures/NG-SO.png>
Overfull \hbox (13.55063pt too wide) in paragraph at lines 289--296
 [] 
 []

[58] [59 <C:/Users/Tao Yi Liang/Documents/My Dropbox/Thesis/template/Figures/NG
-SO.png>] <./Figures/NG-Refine-Space.png, id=257, 685.8122pt x 469.00218pt>
File: ./Figures/NG-Refine-Space.png Graphic file (type png)

<use ./Figures/NG-Refine-Space.png>
Overfull \hbox (13.55063pt too wide) in paragraph at lines 328--335
 [] 
 []

<./Figures/NG-Refine-time1.png, id=258, 685.8122pt x 469.00218pt>
File: ./Figures/NG-Refine-time1.png Graphic file (type png)

<use ./Figures/NG-Refine-time1.png>
Overfull \hbox (13.55063pt too wide) in paragraph at lines 343--350
 [] 
 []

<./Figures/NG-Refine-time2.png, id=259, 685.8122pt x 469.00218pt>
File: ./Figures/NG-Refine-time2.png Graphic file (type png)

<use ./Figures/NG-Refine-time2.png>
Overfull \hbox (13.55063pt too wide) in paragraph at lines 356--363
 [] 
 []

[60] [61 <C:/Users/Tao Yi Liang/Documents/My Dropbox/Thesis/template/Figures/NG
-Refine-Space.png (PNG copy)>] [62 <C:/Users/Tao Yi Liang/Documents/My Dropbox/
Thesis/template/Figures/NG-Refine-time1.png (PNG copy)>] [63 <C:/Users/Tao Yi L
iang/Documents/My Dropbox/Thesis/template/Figures/NG-Refine-time2.png (PNG copy
)>] <./Figures/NG-MG.png, id=273, 685.8122pt x 469.00218pt>
File: ./Figures/NG-MG.png Graphic file (type png)

<use ./Figures/NG-MG.png>
Overfull \hbox (13.55063pt too wide) in paragraph at lines 395--402
 [] 
 []

<./Figures/MG_Calc_Efficiency.png, id=274, 914.41624pt x 625.33624pt>
File: ./Figures/MG_Calc_Efficiency.png Graphic file (type png)

<use ./Figures/MG_Calc_Efficiency.png>
Overfull \hbox (13.55063pt too wide) in paragraph at lines 408--415
 [] 
 []

[64] [65 <C:/Users/Tao Yi Liang/Documents/My Dropbox/Thesis/template/Figures/NG
-MG.png (PNG copy)>] [66 <C:/Users/Tao Yi Liang/Documents/My Dropbox/Thesis/tem
plate/Figures/MG_Calc_Efficiency.png (PNG copy)>]
<./Figures/NG-NDF.png, id=285, 642.4pt x 467.7475pt>
File: ./Figures/NG-NDF.png Graphic file (type png)

<use ./Figures/NG-NDF.png>
Overfull \hbox (13.55063pt too wide) in paragraph at lines 470--477
 [] 
 []

<./Figures/NG-DF-10.png, id=286, 642.4pt x 467.7475pt>
File: ./Figures/NG-DF-10.png Graphic file (type png)

<use ./Figures/NG-DF-10.png>
Overfull \hbox (13.55063pt too wide) in paragraph at lines 483--490
 [] 
 []

<./Figures/NG-DF-30.png, id=287, 642.4pt x 467.7475pt>
File: ./Figures/NG-DF-30.png Graphic file (type png)

<use ./Figures/NG-DF-30.png>
Overfull \hbox (13.55063pt too wide) in paragraph at lines 496--503
 [] 
 []

<./Figures/NG-DF-50.png, id=288, 642.4pt x 467.7475pt>
File: ./Figures/NG-DF-50.png Graphic file (type png)

<use ./Figures/NG-DF-50.png>
Overfull \hbox (13.55063pt too wide) in paragraph at lines 509--516
 [] 
 []

<./Figures/DF-NG-MaterialEnergyDensity.png, id=289, 685.8122pt x 469.00218pt>
File: ./Figures/DF-NG-MaterialEnergyDensity.png Graphic file (type png)

<use ./Figures/DF-NG-MaterialEnergyDensity.png>
Overfull \hbox (13.55063pt too wide) in paragraph at lines 524--531
 [] 
 []

[67] [68] [69 <C:/Users/Tao Yi Liang/Documents/My Dropbox/Thesis/template/Figur
es/NG-NDF.png>] [70 <C:/Users/Tao Yi Liang/Documents/My Dropbox/Thesis/template
/Figures/NG-DF-10.png>] [71 <C:/Users/Tao Yi Liang/Documents/My Dropbox/Thesis/
template/Figures/NG-DF-30.png>] [72 <C:/Users/Tao Yi Liang/Documents/My Dropbox
/Thesis/template/Figures/NG-DF-50.png>]
<./Figures/DF-NG-RelSTD50.png, id=313, 685.8122pt x 469.00218pt>
File: ./Figures/DF-NG-RelSTD50.png Graphic file (type png)

<use ./Figures/DF-NG-RelSTD50.png>
Overfull \hbox (13.55063pt too wide) in paragraph at lines 540--547
 [] 
 []

[73 <C:/Users/Tao Yi Liang/Documents/My Dropbox/Thesis/template/Figures/DF-NG-M
aterialEnergyDensity.png (PNG copy)>] [74 <C:/Users/Tao Yi Liang/Documents/My D
ropbox/Thesis/template/Figures/DF-NG-RelSTD50.png (PNG copy)>]
<./Figures/DF-NG-TotalFigMerit.png, id=320, 914.41624pt x 625.33624pt>
File: ./Figures/DF-NG-TotalFigMerit.png Graphic file (type png)

<use ./Figures/DF-NG-TotalFigMerit.png>
Overfull \hbox (13.55063pt too wide) in paragraph at lines 574--581
 [] 
 []

) [75] [76 <C:/Users/Tao Yi Liang/Documents/My Dropbox/Thesis/template/Figures/
DF-NG-TotalFigMerit.png (PNG copy)>]
("C:\Users\Tao Yi Liang\Documents\My Dropbox\Thesis\template\Sections\Conclusio
ns.tex" [77


] [78] [79] [80] [81] [82] [83]) [84]
("C:\Users\Tao Yi Liang\Documents\My Dropbox\Thesis\template\Sections\Refs.tex"
[85


] [86]) [87]
("C:\Users\Tao Yi Liang\Documents\My Dropbox\Thesis\template\main.aux"
("C:\Users\Tao Yi Liang\Documents\My Dropbox\Thesis\template\Sections\abstract.
aux")
("C:\Users\Tao Yi Liang\Documents\My Dropbox\Thesis\template\Sections\copyright
.aux")
("C:\Users\Tao Yi Liang\Documents\My Dropbox\Thesis\template\Sections\title.aux
")
("C:\Users\Tao Yi Liang\Documents\My Dropbox\Thesis\template\Sections\approval.
aux")
("C:\Users\Tao Yi Liang\Documents\My Dropbox\Thesis\template\Sections\acknow.au
x")
("C:\Users\Tao Yi Liang\Documents\My Dropbox\Thesis\template\Sections\Intro.aux
")
("C:\Users\Tao Yi Liang\Documents\My Dropbox\Thesis\template\Sections\Transport
.aux")
("C:\Users\Tao Yi Liang\Documents\My Dropbox\Thesis\template\Sections\MonteCarl
o.aux")
("C:\Users\Tao Yi Liang\Documents\My Dropbox\Thesis\template\Sections\Differenc
eFormulation.aux")
("C:\Users\Tao Yi Liang\Documents\My Dropbox\Thesis\template\Sections\Results.a
ux")
("C:\Users\Tao Yi Liang\Documents\My Dropbox\Thesis\template\Sections\Conclusio
ns.aux")
("C:\Users\Tao Yi Liang\Documents\My Dropbox\Thesis\template\Sections\Refs.aux"
))

LaTeX Warning: There were multiply-defined labels.

 ) 
Here is how much of TeX's memory you used:
 2539 strings out of 494019
 41571 string characters out of 3146477
 102065 words of memory out of 3000000
 5696 multiletter control sequences out of 15000+200000
 8774 words of font info for 31 fonts, out of 3000000 for 9000
 715 hyphenation exceptions out of 8191
 48i,13n,25p,2450b,373s stack positions out of 5000i,500n,10000p,200000b,50000s
<C:/Program Files/MiKTeX 2.9/fonts/type1/public/amsfonts/cm/cmbx12.pfb><C:/Pr
ogram Files/MiKTeX 2.9/fonts/type1/public/amsfonts/cm/cmbxsl10.pfb><C:/Program 
Files/MiKTeX 2.9/fonts/type1/public/amsfonts/cm/cmbxti10.pfb><C:/Program Files/
MiKTeX 2.9/fonts/type1/public/amsfonts/cm/cmex10.pfb><C:/Program Files/MiKTeX 2
.9/fonts/type1/public/amsfonts/cmextra/cmex8.pfb><C:/Program Files/MiKTeX 2.9/f
onts/type1/public/amsfonts/cm/cmmi12.pfb><C:/Program Files/MiKTeX 2.9/fonts/typ
e1/public/amsfonts/cm/cmmi6.pfb><C:/Program Files/MiKTeX 2.9/fonts/type1/public
/amsfonts/cm/cmmi8.pfb><C:/Program Files/MiKTeX 2.9/fonts/type1/public/amsfonts
/cm/cmr12.pfb><C:/Program Files/MiKTeX 2.9/fonts/type1/public/amsfonts/cm/cmr6.
pfb><C:/Program Files/MiKTeX 2.9/fonts/type1/public/amsfonts/cm/cmr8.pfb><C:/Pr
ogram Files/MiKTeX 2.9/fonts/type1/public/amsfonts/cm/cmsy10.pfb><C:/Program Fi
les/MiKTeX 2.9/fonts/type1/public/amsfonts/cm/cmsy6.pfb><C:/Program Files/MiKTe
X 2.9/fonts/type1/public/amsfonts/cm/cmsy8.pfb><C:/Program Files/MiKTeX 2.9/fon
ts/type1/public/amsfonts/cm/cmti12.pfb>
Output written on main.pdf (100 pages, 796162 bytes).
PDF statistics:
 412 PDF objects out of 1000 (max. 8388607)
 0 named destinations out of 1000 (max. 500000)
 101 words of extra memory for PDF output out of 10000 (max. 10000000)

