This is pdfTeX, Version 3.1415926-1.40.11 (MiKTeX 2.9 64-bit) (preloaded format=pdflatex 2011.11.8)  11 JUL 2012 17:38
entering extended mode
**C:/Users/Tao*YiLiang/Dropbox/Thesis/thesis_main.tex
("C:/Users/Tao YiLiang/Dropbox/Thesis/thesis_main.tex"
LaTeX2e <2009/09/24>
Babel <v3.8l> and hyphenation patterns for english, afrikaans, ancientgreek, ar
abic, armenian, assamese, basque, bengali, bokmal, bulgarian, catalan, coptic, 
croatian, czech, danish, dutch, esperanto, estonian, farsi, finnish, french, ga
lician, german, german-x-2009-06-19, greek, gujarati, hindi, hungarian, iceland
ic, indonesian, interlingua, irish, italian, kannada, kurmanji, lao, latin, lat
vian, lithuanian, malayalam, marathi, mongolian, mongolianlmc, monogreek, ngerm
an, ngerman-x-2009-06-19, nynorsk, oriya, panjabi, pinyin, polish, portuguese, 
romanian, russian, sanskrit, serbian, slovak, slovenian, spanish, swedish, swis
sgerman, tamil, telugu, turkish, turkmen, ukenglish, ukrainian, uppersorbian, u
senglishmax, welsh, loaded.
("C:\Program Files\MiKTeX 2.9\tex\latex\base\article.cls"
Document Class: article 2007/10/19 v1.4h Standard LaTeX document class
("C:\Program Files\MiKTeX 2.9\tex\latex\base\size12.clo"
File: size12.clo 2007/10/19 v1.4h Standard LaTeX file (size option)
)
\c@part=\count79
\c@section=\count80
\c@subsection=\count81
\c@subsubsection=\count82
\c@paragraph=\count83
\c@subparagraph=\count84
\c@figure=\count85
\c@table=\count86
\abovecaptionskip=\skip41
\belowcaptionskip=\skip42
\bibindent=\dimen102
)
("C:\Users\Tao YiLiang\Dropbox\Thesis\standard.sty"
("C:\Program Files\MiKTeX 2.9\tex\latex\ams\math\amsmath.sty"
Package: amsmath 2000/07/18 v2.13 AMS math features
\@mathmargin=\skip43

For additional information on amsmath, use the `?' option.
("C:\Program Files\MiKTeX 2.9\tex\latex\ams\math\amstext.sty"
Package: amstext 2000/06/29 v2.01

("C:\Program Files\MiKTeX 2.9\tex\latex\ams\math\amsgen.sty"
File: amsgen.sty 1999/11/30 v2.0
\@emptytoks=\toks14
\ex@=\dimen103
))
("C:\Program Files\MiKTeX 2.9\tex\latex\ams\math\amsbsy.sty"
Package: amsbsy 1999/11/29 v1.2d
\pmbraise@=\dimen104
)
("C:\Program Files\MiKTeX 2.9\tex\latex\ams\math\amsopn.sty"
Package: amsopn 1999/12/14 v2.01 operator names
)
\inf@bad=\count87
LaTeX Info: Redefining \frac on input line 211.
\uproot@=\count88
\leftroot@=\count89
LaTeX Info: Redefining \overline on input line 307.
\classnum@=\count90
\DOTSCASE@=\count91
LaTeX Info: Redefining \ldots on input line 379.
LaTeX Info: Redefining \dots on input line 382.
LaTeX Info: Redefining \cdots on input line 467.
\Mathstrutbox@=\box26
\strutbox@=\box27
\big@size=\dimen105
LaTeX Font Info:    Redeclaring font encoding OML on input line 567.
LaTeX Font Info:    Redeclaring font encoding OMS on input line 568.
\macc@depth=\count92
\c@MaxMatrixCols=\count93
\dotsspace@=\muskip10
\c@parentequation=\count94
\dspbrk@lvl=\count95
\tag@help=\toks15
\row@=\count96
\column@=\count97
\maxfields@=\count98
\andhelp@=\toks16
\eqnshift@=\dimen106
\alignsep@=\dimen107
\tagshift@=\dimen108
\tagwidth@=\dimen109
\totwidth@=\dimen110
\lineht@=\dimen111
\@envbody=\toks17
\multlinegap=\skip44
\multlinetaggap=\skip45
\mathdisplay@stack=\toks18
LaTeX Info: Redefining \[ on input line 2666.
LaTeX Info: Redefining \] on input line 2667.
)
("C:\Program Files\MiKTeX 2.9\tex\latex\graphics\graphicx.sty"
Package: graphicx 1999/02/16 v1.0f Enhanced LaTeX Graphics (DPC,SPQR)

("C:\Program Files\MiKTeX 2.9\tex\latex\graphics\keyval.sty"
Package: keyval 1999/03/16 v1.13 key=value parser (DPC)
\KV@toks@=\toks19
)
("C:\Program Files\MiKTeX 2.9\tex\latex\graphics\graphics.sty"
Package: graphics 2009/02/05 v1.0o Standard LaTeX Graphics (DPC,SPQR)

("C:\Program Files\MiKTeX 2.9\tex\latex\graphics\trig.sty"
Package: trig 1999/03/16 v1.09 sin cos tan (DPC)
)
("C:\Program Files\MiKTeX 2.9\tex\latex\00miktex\graphics.cfg"
File: graphics.cfg 2007/01/18 v1.5 graphics configuration of teTeX/TeXLive
)
Package graphics Info: Driver file: pdftex.def on input line 91.

("C:\Program Files\MiKTeX 2.9\tex\latex\pdftex-def\pdftex.def"
File: pdftex.def 2011/01/28 v0.05d Graphics/color for pdfTeX
\Gread@gobject=\count99
))
\Gin@req@height=\dimen112
\Gin@req@width=\dimen113
)
("C:\Program Files\MiKTeX 2.9\tex\latex\oberdiek\epstopdf.sty"
Package: epstopdf 2010/02/09 v2.5 Conversion with epstopdf on the fly (HO)

("C:\Program Files\MiKTeX 2.9\tex\latex\oberdiek\epstopdf-base.sty"
Package: epstopdf-base 2010/02/09 v2.5 Base part for package epstopdf

("C:\Program Files\MiKTeX 2.9\tex\generic\oberdiek\infwarerr.sty"
Package: infwarerr 2010/04/08 v1.3 Providing info/warning/message (HO)
)
("C:\Program Files\MiKTeX 2.9\tex\latex\oberdiek\grfext.sty"
Package: grfext 2007/09/30 v1.0 Managing graphics extensions (HO)
)
("C:\Program Files\MiKTeX 2.9\tex\latex\oberdiek\kvoptions.sty"
Package: kvoptions 2010/02/22 v3.7 Keyval support for LaTeX options (HO)

("C:\Program Files\MiKTeX 2.9\tex\generic\oberdiek\kvsetkeys.sty"
Package: kvsetkeys 2010/03/01 v1.9 Key value parser (HO)

("C:\Program Files\MiKTeX 2.9\tex\generic\oberdiek\etexcmds.sty"
Package: etexcmds 2010/01/28 v1.3 Prefix for e-TeX command names (HO)
Package etexcmds Info: Could not find \expanded.
(etexcmds)             That can mean that you are not using pdfTeX 1.50 or
(etexcmds)             that some package has redefined \expanded.
(etexcmds)             In the latter case, load this package earlier.
)))
("C:\Program Files\MiKTeX 2.9\tex\generic\oberdiek\pdftexcmds.sty"
Package: pdftexcmds 2010/04/01 v0.9 Utility functions of pdfTeX for LuaTeX (HO)


("C:\Program Files\MiKTeX 2.9\tex\generic\oberdiek\ifluatex.sty"
Package: ifluatex 2010/03/01 v1.3 Provides the ifluatex switch (HO)
Package ifluatex Info: LuaTeX not detected.
)
("C:\Program Files\MiKTeX 2.9\tex\generic\oberdiek\ltxcmds.sty"
Package: ltxcmds 2010/04/26 v1.7 LaTeX kernel commands for general use (HO)
)
Package pdftexcmds Info: LuaTeX not detected.
Package pdftexcmds Info: \pdf@primitive is available.
Package pdftexcmds Info: \pdf@ifprimitive is available.
)
Package grfext Info: Graphics extension search list:
(grfext)             [.png,.pdf,.jpg,.mps,.jpeg,.jbig2,.jb2,.PNG,.PDF,.JPG,.JPE
G,.JBIG2,.JB2,.eps]
(grfext)             \AppendGraphicsExtensions on input line 436.
)))
("C:\Users\Tao YiLiang\Dropbox\Thesis\personal.sty")
("C:\Program Files\MiKTeX 2.9\tex\latex\float\float.sty"
Package: float 2001/11/08 v1.3d Float enhancements (AL)
\c@float@type=\count100
\float@exts=\toks20
\float@box=\box28
\@float@everytoks=\toks21
\@floatcapt=\box29
)
("C:\Program Files\MiKTeX 2.9\tex\latex\ltxmisc\url.sty"
\Urlmuskip=\muskip11
Package: url 2006/04/12  ver 3.3  Verb mode for urls, etc.
)
("C:\Program Files\MiKTeX 2.9\tex\latex\base\textcomp.sty"
Package: textcomp 2005/09/27 v1.99g Standard LaTeX package
Package textcomp Info: Sub-encoding information:
(textcomp)               5 = only ISO-Adobe without \textcurrency
(textcomp)               4 = 5 + \texteuro
(textcomp)               3 = 4 + \textohm
(textcomp)               2 = 3 + \textestimated + \textcurrency
(textcomp)               1 = TS1 - \textcircled - \t
(textcomp)               0 = TS1 (full)
(textcomp)             Font families with sub-encoding setting implement
(textcomp)             only a restricted character set as indicated.
(textcomp)             Family '?' is the default used for unknown fonts.
(textcomp)             See the documentation for details.
Package textcomp Info: Setting ? sub-encoding to TS1/1 on input line 71.

("C:\Program Files\MiKTeX 2.9\tex\latex\base\ts1enc.def"
File: ts1enc.def 2001/06/05 v3.0e (jk/car/fm) Standard LaTeX file
)
LaTeX Info: Redefining \oldstylenums on input line 266.
Package textcomp Info: Setting cmr sub-encoding to TS1/0 on input line 281.
Package textcomp Info: Setting cmss sub-encoding to TS1/0 on input line 282.
Package textcomp Info: Setting cmtt sub-encoding to TS1/0 on input line 283.
Package textcomp Info: Setting cmvtt sub-encoding to TS1/0 on input line 284.
Package textcomp Info: Setting cmbr sub-encoding to TS1/0 on input line 285.
Package textcomp Info: Setting cmtl sub-encoding to TS1/0 on input line 286.
Package textcomp Info: Setting ccr sub-encoding to TS1/0 on input line 287.
Package textcomp Info: Setting ptm sub-encoding to TS1/4 on input line 288.
Package textcomp Info: Setting pcr sub-encoding to TS1/4 on input line 289.
Package textcomp Info: Setting phv sub-encoding to TS1/4 on input line 290.
Package textcomp Info: Setting ppl sub-encoding to TS1/3 on input line 291.
Package textcomp Info: Setting pag sub-encoding to TS1/4 on input line 292.
Package textcomp Info: Setting pbk sub-encoding to TS1/4 on input line 293.
Package textcomp Info: Setting pnc sub-encoding to TS1/4 on input line 294.
Package textcomp Info: Setting pzc sub-encoding to TS1/4 on input line 295.
Package textcomp Info: Setting bch sub-encoding to TS1/4 on input line 296.
Package textcomp Info: Setting put sub-encoding to TS1/5 on input line 297.
Package textcomp Info: Setting uag sub-encoding to TS1/5 on input line 298.
Package textcomp Info: Setting ugq sub-encoding to TS1/5 on input line 299.
Package textcomp Info: Setting ul8 sub-encoding to TS1/4 on input line 300.
Package textcomp Info: Setting ul9 sub-encoding to TS1/4 on input line 301.
Package textcomp Info: Setting augie sub-encoding to TS1/5 on input line 302.
Package textcomp Info: Setting dayrom sub-encoding to TS1/3 on input line 303.
Package textcomp Info: Setting dayroms sub-encoding to TS1/3 on input line 304.

Package textcomp Info: Setting pxr sub-encoding to TS1/0 on input line 305.
Package textcomp Info: Setting pxss sub-encoding to TS1/0 on input line 306.
Package textcomp Info: Setting pxtt sub-encoding to TS1/0 on input line 307.
Package textcomp Info: Setting txr sub-encoding to TS1/0 on input line 308.
Package textcomp Info: Setting txss sub-encoding to TS1/0 on input line 309.
Package textcomp Info: Setting txtt sub-encoding to TS1/0 on input line 310.
Package textcomp Info: Setting futs sub-encoding to TS1/4 on input line 311.
Package textcomp Info: Setting futx sub-encoding to TS1/4 on input line 312.
Package textcomp Info: Setting futj sub-encoding to TS1/4 on input line 313.
Package textcomp Info: Setting hlh sub-encoding to TS1/3 on input line 314.
Package textcomp Info: Setting hls sub-encoding to TS1/3 on input line 315.
Package textcomp Info: Setting hlst sub-encoding to TS1/3 on input line 316.
Package textcomp Info: Setting hlct sub-encoding to TS1/5 on input line 317.
Package textcomp Info: Setting hlx sub-encoding to TS1/5 on input line 318.
Package textcomp Info: Setting hlce sub-encoding to TS1/5 on input line 319.
Package textcomp Info: Setting hlcn sub-encoding to TS1/5 on input line 320.
Package textcomp Info: Setting hlcw sub-encoding to TS1/5 on input line 321.
Package textcomp Info: Setting hlcf sub-encoding to TS1/5 on input line 322.
Package textcomp Info: Setting pplx sub-encoding to TS1/3 on input line 323.
Package textcomp Info: Setting pplj sub-encoding to TS1/3 on input line 324.
Package textcomp Info: Setting ptmx sub-encoding to TS1/4 on input line 325.
Package textcomp Info: Setting ptmj sub-encoding to TS1/4 on input line 326.
)
("C:\Users\Tao YiLiang\AppData\Roaming\MiKTeX\2.9\tex\latex\setspace\setspace.s
ty"
Package: setspace 2011/12/19 v6.7a set line spacing
)
("C:\Users\Tao YiLiang\AppData\Roaming\MiKTeX\2.9\tex\latex\glossaries\base\glo
ssaries.sty"
Package: glossaries 2011/04/12 v3.01 (NLCT)
 ("C:\Program Files\MiKTeX 2.9\tex\latex\base\ifthen.sty"
Package: ifthen 2001/05/26 v1.1c Standard LaTeX ifthen package (DPC)
)
("C:\Program Files\MiKTeX 2.9\tex\latex\xkeyval\xkeyval.sty"
Package: xkeyval 2008/08/13 v2.6a package option processing (HA)

("C:\Program Files\MiKTeX 2.9\tex\generic\xkeyval\xkeyval.tex"
\XKV@toks=\toks22
\XKV@tempa@toks=\toks23
\XKV@depth=\count101
File: xkeyval.tex 2008/08/13 v2.6a key=value parser (HA)
))
("C:\Users\Tao YiLiang\AppData\Roaming\MiKTeX\2.9\tex\latex\glossaries\base\mfi
rstuc.sty"
Package: mfirstuc 2011/04/02 v1.05 (NLCT)
\@glsmfirst=\toks24
\@glsmrest=\toks25
)
("C:\Users\Tao YiLiang\AppData\Roaming\MiKTeX\2.9\tex\latex\xfor\xfor.sty"
Package: xfor 2009/02/05 v1.05 (NLCT)
)
("C:\Users\Tao YiLiang\AppData\Roaming\MiKTeX\2.9\tex\latex\etoolbox\etoolbox.s
ty"
Package: etoolbox 2011/01/03 v2.1 e-TeX tools for LaTeX
 ("C:\Program Files\MiKTeX 2.9\tex\latex\misc\etex.sty"
Package: etex 1998/03/26 v2.0 eTeX basic definition package (PEB)
\et@xins=\count102
)
\etb@tempcnta=\count103
)
\gls@level=\count104
\@gls@tmpb=\toks26
\gls@tmplen=\skip46
\glswrite=\write3
\glskeylisttok=\toks27
\glslabeltok=\toks28
\glsshorttok=\toks29
\glslongtok=\toks30

("C:\Users\Tao YiLiang\AppData\Roaming\MiKTeX\2.9\tex\latex\glossaries\styles\g
lossary-hypernav.sty"
Package: glossary-hypernav 2007/07/04 v1.01 (NLCT)
)
("C:\Users\Tao YiLiang\AppData\Roaming\MiKTeX\2.9\tex\latex\glossaries\styles\g
lossary-list.sty"
Package: glossary-list 2011/03/28 v3.0 (NLCT)
\glslistdottedwidth=\skip47
)
("C:\Users\Tao YiLiang\AppData\Roaming\MiKTeX\2.9\tex\latex\glossaries\styles\g
lossary-long.sty"
Package: glossary-long 2011/03/28 v3.0 (NLCT)
 ("C:\Program Files\MiKTeX 2.9\tex\latex\tools\longtable.sty"
Package: longtable 2004/02/01 v4.11 Multi-page Table package (DPC)
\LTleft=\skip48
\LTright=\skip49
\LTpre=\skip50
\LTpost=\skip51
\LTchunksize=\count105
\LTcapwidth=\dimen114
\LT@head=\box30
\LT@firsthead=\box31
\LT@foot=\box32
\LT@lastfoot=\box33
\LT@cols=\count106
\LT@rows=\count107
\c@LT@tables=\count108
\c@LT@chunks=\count109
\LT@p@ftn=\toks31
)
\glsdescwidth=\skip52
\glspagelistwidth=\skip53
)
("C:\Users\Tao YiLiang\AppData\Roaming\MiKTeX\2.9\tex\latex\glossaries\styles\g
lossary-super.sty"
Package: glossary-super 2011/03/28 v3.0 (NLCT)

("C:\Users\Tao YiLiang\AppData\Roaming\MiKTeX\2.9\tex\latex\supertabular\supert
abular.sty"
Package: supertabular 2004/02/20 v4.1e the supertabular environment
\c@tracingst=\count110
\ST@wd=\dimen115
\ST@rightskip=\skip54
\ST@leftskip=\skip55
\ST@parfillskip=\skip56
\ST@pageleft=\dimen116
\ST@headht=\dimen117
\ST@tailht=\dimen118
\ST@pagesofar=\dimen119
\ST@pboxht=\dimen120
\ST@lineht=\dimen121
\ST@stretchht=\dimen122
\ST@prevht=\dimen123
\ST@toadd=\dimen124
\ST@dimen=\dimen125
\ST@pbox=\box34
))
("C:\Users\Tao YiLiang\AppData\Roaming\MiKTeX\2.9\tex\latex\glossaries\styles\g
lossary-tree.sty"
Package: glossary-tree 2011/03/28 v3.0 (NLCT)
\glstreeindent=\skip57
))
\glo@main@file=\write4
Package glossaries Info: Writing glossary file thesis_main.glo on input line 14
.
 ("C:\Users\Tao YiLiang\Dropbox\Thesis\thesis_main.aux"
("C:\Users\Tao YiLiang\Dropbox\Thesis\sections\thesis_glossary.aux")
("C:\Users\Tao YiLiang\Dropbox\Thesis\sections\thesis_abstract.aux")
("C:\Users\Tao YiLiang\Dropbox\Thesis\sections\thesis_copyright.aux")
("C:\Users\Tao YiLiang\Dropbox\Thesis\sections\thesis_title.aux")
("C:\Users\Tao YiLiang\Dropbox\Thesis\sections\thesis_approval.aux")
("C:\Users\Tao YiLiang\Dropbox\Thesis\sections\thesis_intro.aux")
("C:\Users\Tao YiLiang\Dropbox\Thesis\sections\thesis_imc.aux")
("C:\Users\Tao YiLiang\Dropbox\Thesis\sections\thesis_methods.aux"

LaTeX Warning: Label `FINAL dmp' multiply defined.

) ("C:\Users\Tao YiLiang\Dropbox\Thesis\sections\thesis_results.aux")
("C:\Users\Tao YiLiang\Dropbox\Thesis\sections\thesis_conclusions.aux"

LaTeX Warning: Label `sec:Results' multiply defined.

))
LaTeX Font Info:    Checking defaults for OML/cmm/m/it on input line 36.
LaTeX Font Info:    ... okay on input line 36.
LaTeX Font Info:    Checking defaults for T1/cmr/m/n on input line 36.
LaTeX Font Info:    ... okay on input line 36.
LaTeX Font Info:    Checking defaults for OT1/cmr/m/n on input line 36.
LaTeX Font Info:    ... okay on input line 36.
LaTeX Font Info:    Checking defaults for OMS/cmsy/m/n on input line 36.
LaTeX Font Info:    ... okay on input line 36.
LaTeX Font Info:    Checking defaults for OMX/cmex/m/n on input line 36.
LaTeX Font Info:    ... okay on input line 36.
LaTeX Font Info:    Checking defaults for U/cmr/m/n on input line 36.
LaTeX Font Info:    ... okay on input line 36.
LaTeX Font Info:    Checking defaults for TS1/cmr/m/n on input line 36.
LaTeX Font Info:    Try loading font information for TS1+cmr on input line 36.
 ("C:\Program Files\MiKTeX 2.9\tex\latex\base\ts1cmr.fd"
File: ts1cmr.fd 1999/05/25 v2.5h Standard LaTeX font definitions
)
LaTeX Font Info:    ... okay on input line 36.

("C:\Users\Tao YiLiang\AppData\Roaming\MiKTeX\2.9\tex\context\base\supp-pdf.mki
i"
[Loading MPS to PDF converter (version 2006.09.02).]
\scratchcounter=\count111
\scratchdimen=\dimen126
\scratchbox=\box35
\nofMPsegments=\count112
\nofMParguments=\count113
\everyMPshowfont=\toks32
\MPscratchCnt=\count114
\MPscratchDim=\dimen127
\MPnumerator=\count115
\makeMPintoPDFobject=\count116
\everyMPtoPDFconversion=\toks33
) ("C:\Users\Tao YiLiang\Dropbox\Thesis\sections\thesis_glossary.tex")
("C:\Users\Tao YiLiang\Dropbox\Thesis\sections\thesis_abstract.tex") [1




{C:/Users/Tao YiLiang/AppData/Local/MiKTeX/2.9/pdftex/config/pdftex.map}]
("C:\Users\Tao YiLiang\Dropbox\Thesis\sections\thesis_copyright.tex") [2


]
("C:\Users\Tao YiLiang\Dropbox\Thesis\sections\thesis_title.tex") [3


]
("C:\Users\Tao YiLiang\Dropbox\Thesis\sections\thesis_approval.tex") [4


]
\hsave=\dimen128
\tsave=\dimen129
\bsave=\dimen130

("C:\Users\Tao YiLiang\Dropbox\Thesis\thesis_main.toc" [5


])
\tf@toc=\write5
 [6]
("C:\Users\Tao YiLiang\Dropbox\Thesis\thesis_main.lof")
\tf@lof=\write6
 [7

]
("C:\Users\Tao YiLiang\Dropbox\Thesis\thesis_main.lot")
\tf@lot=\write7
 [8



]
("C:\Users\Tao YiLiang\Dropbox\Thesis\sections\thesis_intro.tex" [9


] [10]
[11]) [12] ("C:\Users\Tao YiLiang\Dropbox\Thesis\sections\thesis_imc.tex"
Overfull \hbox (11.15712pt too wide) in paragraph at lines 22--24
[]\OT1/cmr/m/n/12 The phase space con-sid-ered for $\OML/cmm/m/it/12 I$ \OT1/cm
r/m/n/12 cov-ers par-ti-cles at lo-ca-tion $\OT1/cmr/bx/n/12 r$ \OT1/cmr/m/n/12
 in three-dimensional
 []

[13


] [14] [15]) [16]
("C:\Users\Tao YiLiang\Dropbox\Thesis\sections\thesis_methods.tex" [17


]
[18]
Overfull \hbox (10.75887pt too wide) in paragraph at lines 61--61
[] 
 []

[19] [20]

LaTeX Warning: Reference `propagate' on page 21 undefined on input line 168.

[21] [22] [23] [24] [25] [26]
<graphics/lambdaT.jpg, id=96, 578.16pt x 433.62pt>
File: graphics/lambdaT.jpg Graphic file (type jpg)
 <use graphics/lambdaT.jpg>
[27 <C:/Users/Tao YiLiang/Dropbox/Thesis/graphics/lambdaT.jpg>] [28]
<graphics/numR.png, id=105, 578.16pt x 433.62pt>
File: graphics/numR.png Graphic file (type png)
 <use graphics/numR.png>
<graphics/numR_absErr.png, id=106, 578.16pt x 433.62pt>
File: graphics/numR_absErr.png Graphic file (type png)

<use graphics/numR_absErr.png> [29 <C:/Users/Tao YiLiang/Dropbox/Thesis/graphic
s/numR.png>] <graphics/numR_relErr.png, id=111, 578.16pt x 433.62pt>
File: graphics/numR_relErr.png Graphic file (type png)

<use graphics/numR_relErr.png> [30 <C:/Users/Tao YiLiang/Dropbox/Thesis/graphic
s/numR_absErr.png> <C:/Users/Tao YiLiang/Dropbox/Thesis/graphics/numR_relErr.pn
g>] [31] [32]
Overfull \hbox (44.59236pt too wide) in paragraph at lines 588--588
[] 
 []

[33] [34] [35] [36]
<graphics/RiemannFig.png, id=136, 787.94376pt x 565.11125pt>
File: graphics/RiemannFig.png Graphic file (type png)

<use graphics/RiemannFig.png> [37]
<graphics/DMP_mg_numR.png, id=141, 578.16pt x 433.62pt>
File: graphics/DMP_mg_numR.png Graphic file (type png)

<use graphics/DMP_mg_numR.png>

LaTeX Warning: Reference `apxEn' on page 38 undefined on input line 760.


LaTeX Warning: Reference `CMP_DMP' on page 38 undefined on input line 764.

<graphics/grossMG.png, id=142, 449.68pt x 337.26pt>
File: graphics/grossMG.png Graphic file (type png)
 <use graphics/grossMG.png>
[38 <C:/Users/Tao YiLiang/Dropbox/Thesis/graphics/RiemannFig.png>] [39 <C:/User
s/Tao YiLiang/Dropbox/Thesis/graphics/DMP_mg_numR.png>] [40 <C:/Users/Tao YiLia
ng/Dropbox/Thesis/graphics/grossMG.png (PNG copy)>] [41]) [42]
("C:\Users\Tao YiLiang\Dropbox\Thesis\sections\thesis_results.tex" [43


]
<./graphics/mg_full.png, id=166, 1156.32pt x 630.9171pt>
File: ./graphics/mg_full.png Graphic file (type png)

<use ./graphics/mg_full.png> [44 <C:/Users/Tao YiLiang/Dropbox/Thesis/graphics/
mg_full.png>] <./graphics/2src.png, id=171, 578.16pt x 433.62pt>
File: ./graphics/2src.png Graphic file (type png)

<use ./graphics/2src.png> [45] [46 <C:/Users/Tao YiLiang/Dropbox/Thesis/graphic
s/2src.png>] <./graphics/multistep1.png, id=179, 578.16pt x 433.62pt>
File: ./graphics/multistep1.png Graphic file (type png)

<use ./graphics/multistep1.png> [47]
<./graphics/multistep2.png, id=183, 578.16pt x 433.62pt>
File: ./graphics/multistep2.png Graphic file (type png)

<use ./graphics/multistep2.png>) [48 <C:/Users/Tao YiLiang/Dropbox/Thesis/graph
ics/multistep1.png> <C:/Users/Tao YiLiang/Dropbox/Thesis/graphics/multistep2.pn
g>] [49] ("C:\Users\Tao YiLiang\Dropbox\Thesis\sections\thesis_conclusions.tex"

LaTeX Warning: Citation `TODO' on page 50 undefined on input line 20.

) [50


] [51] ("C:\Users\Tao YiLiang\Dropbox\Thesis\thesis_main.bbl")

Package glossaries Warning: No \printglossary or \printglossaries found.
This document will not have a glossary.

[52

] ("C:\Users\Tao YiLiang\Dropbox\Thesis\thesis_main.aux"
("C:\Users\Tao YiLiang\Dropbox\Thesis\sections\thesis_glossary.aux")
("C:\Users\Tao YiLiang\Dropbox\Thesis\sections\thesis_abstract.aux")
("C:\Users\Tao YiLiang\Dropbox\Thesis\sections\thesis_copyright.aux")
("C:\Users\Tao YiLiang\Dropbox\Thesis\sections\thesis_title.aux")
("C:\Users\Tao YiLiang\Dropbox\Thesis\sections\thesis_approval.aux")
("C:\Users\Tao YiLiang\Dropbox\Thesis\sections\thesis_intro.aux")
("C:\Users\Tao YiLiang\Dropbox\Thesis\sections\thesis_imc.aux")
("C:\Users\Tao YiLiang\Dropbox\Thesis\sections\thesis_methods.aux")
("C:\Users\Tao YiLiang\Dropbox\Thesis\sections\thesis_results.aux")
("C:\Users\Tao YiLiang\Dropbox\Thesis\sections\thesis_conclusions.aux"))

LaTeX Warning: There were undefined references.


LaTeX Warning: There were multiply-defined labels.

 ) 
Here is how much of TeX's memory you used:
 5103 strings out of 494053
 75143 string characters out of 3148585
 147818 words of memory out of 3000000
 8202 multiletter control sequences out of 15000+200000
 9542 words of font info for 34 fonts, out of 3000000 for 9000
 716 hyphenation exceptions out of 8191
 48i,12n,36p,1343b,290s stack positions out of 5000i,500n,10000p,200000b,50000s
 <C:\Users\Tao YiLiang\AppData\Local\MiKTeX\2.9\fonts\pk\ljfour\jknappen\ec\d
pi600\tcrm1200.pk><C:/Program Files/MiKTeX 2.9/fonts/type1/public/amsfonts/cm/c
mbx12.pfb><C:/Program Files/MiKTeX 2.9/fonts/type1/public/amsfonts/cm/cmbxsl10.
pfb><C:/Program Files/MiKTeX 2.9/fonts/type1/public/amsfonts/cm/cmex10.pfb><C:/
Program Files/MiKTeX 2.9/fonts/type1/public/amsfonts/cm/cmmi12.pfb><C:/Program 
Files/MiKTeX 2.9/fonts/type1/public/amsfonts/cm/cmmi6.pfb><C:/Program Files/MiK
TeX 2.9/fonts/type1/public/amsfonts/cm/cmmi8.pfb><C:/Program Files/MiKTeX 2.9/f
onts/type1/public/amsfonts/cm/cmr12.pfb><C:/Program Files/MiKTeX 2.9/fonts/type
1/public/amsfonts/cm/cmr6.pfb><C:/Program Files/MiKTeX 2.9/fonts/type1/public/a
msfonts/cm/cmr8.pfb><C:/Program Files/MiKTeX 2.9/fonts/type1/public/amsfonts/cm
/cmsy10.pfb><C:/Program Files/MiKTeX 2.9/fonts/type1/public/amsfonts/cm/cmsy8.p
fb><C:/Program Files/MiKTeX 2.9/fonts/type1/public/amsfonts/cm/cmti12.pfb><C:/P
rogram Files/MiKTeX 2.9/fonts/type1/public/amsfonts/cm/cmtt12.pfb>
Output written on thesis_main.pdf (52 pages, 645401 bytes).
PDF statistics:
 250 PDF objects out of 1000 (max. 8388607)
 0 named destinations out of 1000 (max. 500000)
 56 words of extra memory for PDF output out of 10000 (max. 10000000)

